2018-05-26 00:42:33.663  INFO 8782 --- [main] com.javatican.stock.StockApplication     : Starting StockApplication on ryannieh-Inspiron-5559 with PID 8782 (/home/ryannieh/eclipse_sts_workspace/stock/target/classes started by ryannieh in /home/ryannieh/eclipse_sts_workspace/stock)
2018-05-26 00:42:33.672  INFO 8782 --- [main] com.javatican.stock.StockApplication     : No active profile set, falling back to default profiles: default
2018-05-26 00:42:33.738  INFO 8782 --- [main] ConfigServletWebServerApplicationContext : Refreshing org.springframework.boot.web.servlet.context.AnnotationConfigServletWebServerApplicationContext@61230f6a: startup date [Sat May 26 00:42:33 CST 2018]; root of context hierarchy
2018-05-26 00:42:35.510  INFO 8782 --- [main] trationDelegate$BeanPostProcessorChecker : Bean 'org.springframework.transaction.annotation.ProxyTransactionManagementConfiguration' of type [org.springframework.transaction.annotation.ProxyTransactionManagementConfiguration$$EnhancerBySpringCGLIB$$187442d0] is not eligible for getting processed by all BeanPostProcessors (for example: not eligible for auto-proxying)
2018-05-26 00:42:35.996  INFO 8782 --- [main] o.s.b.w.embedded.tomcat.TomcatWebServer  : Tomcat initialized with port(s): 8080 (http)
2018-05-26 00:42:36.050  INFO 8782 --- [main] o.apache.catalina.core.StandardService   : Starting service [Tomcat]
2018-05-26 00:42:36.051  INFO 8782 --- [main] org.apache.catalina.core.StandardEngine  : Starting Servlet Engine: Apache Tomcat/8.5.28
2018-05-26 00:42:36.060  INFO 8782 --- [localhost-startStop-1] o.a.catalina.core.AprLifecycleListener   : The APR based Apache Tomcat Native library which allows optimal performance in production environments was not found on the java.library.path: [/usr/java/packages/lib/amd64:/usr/lib64:/lib64:/lib:/usr/lib]
2018-05-26 00:42:36.184  INFO 8782 --- [localhost-startStop-1] o.a.c.c.C.[Tomcat].[localhost].[/]       : Initializing Spring embedded WebApplicationContext
2018-05-26 00:42:36.185  INFO 8782 --- [localhost-startStop-1] o.s.web.context.ContextLoader            : Root WebApplicationContext: initialization completed in 2448 ms
2018-05-26 00:42:36.906  INFO 8782 --- [localhost-startStop-1] o.s.b.w.servlet.ServletRegistrationBean  : Servlet dispatcherServlet mapped to [/]
2018-05-26 00:42:36.909  INFO 8782 --- [localhost-startStop-1] o.s.b.w.servlet.FilterRegistrationBean   : Mapping filter: 'characterEncodingFilter' to: [/*]
2018-05-26 00:42:36.910  INFO 8782 --- [localhost-startStop-1] o.s.b.w.servlet.FilterRegistrationBean   : Mapping filter: 'hiddenHttpMethodFilter' to: [/*]
2018-05-26 00:42:36.910  INFO 8782 --- [localhost-startStop-1] o.s.b.w.servlet.FilterRegistrationBean   : Mapping filter: 'httpPutFormContentFilter' to: [/*]
2018-05-26 00:42:36.910  INFO 8782 --- [localhost-startStop-1] o.s.b.w.servlet.FilterRegistrationBean   : Mapping filter: 'requestContextFilter' to: [/*]
2018-05-26 00:42:36.910  INFO 8782 --- [localhost-startStop-1] o.s.b.w.servlet.FilterRegistrationBean   : Mapping filter: 'httpTraceFilter' to: [/*]
2018-05-26 00:42:36.910  INFO 8782 --- [localhost-startStop-1] o.s.b.w.servlet.FilterRegistrationBean   : Mapping filter: 'webMvcMetricsFilter' to: [/*]
2018-05-26 00:42:37.136  INFO 8782 --- [main] com.zaxxer.hikari.HikariDataSource       : HikariPool-1 - Starting...
2018-05-26 00:42:37.618  INFO 8782 --- [main] com.zaxxer.hikari.HikariDataSource       : HikariPool-1 - Start completed.
2018-05-26 00:42:37.750  INFO 8782 --- [main] j.LocalContainerEntityManagerFactoryBean : Building JPA container EntityManagerFactory for persistence unit 'default'
2018-05-26 00:42:37.780  INFO 8782 --- [main] o.hibernate.jpa.internal.util.LogHelper  : HHH000204: Processing PersistenceUnitInfo [
	name: default
	...]
2018-05-26 00:42:37.984  INFO 8782 --- [main] org.hibernate.Version                    : HHH000412: Hibernate Core {5.2.14.Final}
2018-05-26 00:42:37.986  INFO 8782 --- [main] org.hibernate.cfg.Environment            : HHH000206: hibernate.properties not found
2018-05-26 00:42:38.126  INFO 8782 --- [main] o.hibernate.annotations.common.Version   : HCANN000001: Hibernate Commons Annotations {5.0.1.Final}
2018-05-26 00:42:38.333  INFO 8782 --- [main] org.hibernate.dialect.Dialect            : HHH000400: Using dialect: org.hibernate.dialect.MySQL5InnoDBDialect
2018-05-26 00:42:39.055 DEBUG 8782 --- [main] org.hibernate.SQL                        : drop table if exists stock_item
2018-05-26 00:42:39.199 DEBUG 8782 --- [main] org.hibernate.SQL                        : drop table if exists stock_trade_by_trust
2018-05-26 00:42:39.423 DEBUG 8782 --- [main] org.hibernate.SQL                        : drop table if exists trading_date
2018-05-26 00:42:39.602 DEBUG 8782 --- [main] org.hibernate.SQL                        : drop table if exists trading_value
2018-05-26 00:42:39.808 DEBUG 8782 --- [main] org.hibernate.SQL                        : create table stock_item (id bigint not null auto_increment, capital double precision, category varchar(255), name varchar(255), price double precision, symbol varchar(255) not null, primary key (id)) engine=InnoDB
2018-05-26 00:42:40.164 DEBUG 8782 --- [main] org.hibernate.SQL                        : create table stock_trade_by_trust (id bigint not null auto_increment, buy double precision not null, diff double precision not null, sell double precision not null, stock_symbol varchar(255) not null, trading_date datetime not null, primary key (id)) engine=InnoDB
2018-05-26 00:42:40.433 DEBUG 8782 --- [main] org.hibernate.SQL                        : create table trading_date (id bigint not null auto_increment, date datetime not null, primary key (id)) engine=InnoDB
2018-05-26 00:42:40.757 DEBUG 8782 --- [main] org.hibernate.SQL                        : create table trading_value (id bigint not null auto_increment, dealer_buy double precision not null, dealer_diff double precision not null, dealer_hedge_buy double precision not null, dealer_hedge_diff double precision not null, dealer_hedge_sell double precision not null, dealer_sell double precision not null, foreign_buy double precision not null, foreign_diff double precision not null, foreign_sell double precision not null, total_value double precision not null, trading_date datetime not null, trust_buy double precision not null, trust_diff double precision not null, trust_sell double precision not null, primary key (id)) engine=InnoDB
2018-05-26 00:42:41.094 DEBUG 8782 --- [main] org.hibernate.SQL                        : alter table stock_item add constraint UK_lii804qpa7ebjtnnq7m9h27fk unique (symbol)
2018-05-26 00:42:41.359 DEBUG 8782 --- [main] org.hibernate.SQL                        : alter table trading_date add constraint UK_92cbyw0rhtpyvh78cgkfiihr unique (date)
2018-05-26 00:42:41.616 DEBUG 8782 --- [main] org.hibernate.SQL                        : alter table trading_value add constraint UK_k448hsebk3vjpgs8l1upnrh6m unique (trading_date)
2018-05-26 00:42:41.874  INFO 8782 --- [main] o.h.t.schema.internal.SchemaCreatorImpl  : HHH000476: Executing import script 'org.hibernate.tool.schema.internal.exec.ScriptSourceInputNonExistentImpl@46911148'
2018-05-26 00:42:41.876  INFO 8782 --- [main] j.LocalContainerEntityManagerFactoryBean : Initialized JPA EntityManagerFactory for persistence unit 'default'
2018-05-26 00:42:42.780  INFO 8782 --- [main] s.w.s.m.m.a.RequestMappingHandlerAdapter : Looking for @ControllerAdvice: org.springframework.boot.web.servlet.context.AnnotationConfigServletWebServerApplicationContext@61230f6a: startup date [Sat May 26 00:42:33 CST 2018]; root of context hierarchy
2018-05-26 00:42:42.809  WARN 8782 --- [main] aWebConfiguration$JpaWebMvcConfiguration : spring.jpa.open-in-view is enabled by default. Therefore, database queries may be performed during view rendering. Explicitly configure spring.jpa.open-in-view to disable this warning
2018-05-26 00:42:42.864  INFO 8782 --- [main] s.w.s.m.m.a.RequestMappingHandlerMapping : Mapped "{[/stock/{stockSymbol}/createProfile],methods=[GET]}" onto public com.javatican.stock.util.ResponseMessage com.javatican.stock.StockController.createStockProfile(java.lang.String)
2018-05-26 00:42:42.866  INFO 8782 --- [main] s.w.s.m.m.a.RequestMappingHandlerMapping : Mapped "{[/stock/{stockSymbol}/updatePrice],methods=[GET]}" onto public com.javatican.stock.util.ResponseMessage com.javatican.stock.StockController.updateStockItemPrice(java.lang.String)
2018-05-26 00:42:42.867  INFO 8782 --- [main] s.w.s.m.m.a.RequestMappingHandlerMapping : Mapped "{[/stock/updateData],methods=[GET]}" onto public com.javatican.stock.util.ResponseMessage com.javatican.stock.StockController.updateDate()
2018-05-26 00:42:42.867  INFO 8782 --- [main] s.w.s.m.m.a.RequestMappingHandlerMapping : Mapped "{[/stock/{stockSymbol}/prepareData],methods=[GET]}" onto public com.javatican.stock.util.ResponseMessage com.javatican.stock.StockController.prepareStockData(java.lang.String)
2018-05-26 00:42:42.867  INFO 8782 --- [main] s.w.s.m.m.a.RequestMappingHandlerMapping : Mapped "{[/stock/{stockSymbol}/updateData],methods=[GET]}" onto public com.javatican.stock.util.ResponseMessage com.javatican.stock.StockController.updateStockData(java.lang.String)
2018-05-26 00:42:42.868  INFO 8782 --- [main] s.w.s.m.m.a.RequestMappingHandlerMapping : Mapped "{[/stock/prepareData],methods=[GET]}" onto public com.javatican.stock.util.ResponseMessage com.javatican.stock.StockController.prepareData()
2018-05-26 00:42:42.871  INFO 8782 --- [main] s.w.s.m.m.a.RequestMappingHandlerMapping : Mapped "{[/error],produces=[text/html]}" onto public org.springframework.web.servlet.ModelAndView org.springframework.boot.autoconfigure.web.servlet.error.BasicErrorController.errorHtml(javax.servlet.http.HttpServletRequest,javax.servlet.http.HttpServletResponse)
2018-05-26 00:42:42.872  INFO 8782 --- [main] s.w.s.m.m.a.RequestMappingHandlerMapping : Mapped "{[/error]}" onto public org.springframework.http.ResponseEntity<java.util.Map<java.lang.String, java.lang.Object>> org.springframework.boot.autoconfigure.web.servlet.error.BasicErrorController.error(javax.servlet.http.HttpServletRequest)
2018-05-26 00:42:42.904  INFO 8782 --- [main] o.s.w.s.handler.SimpleUrlHandlerMapping  : Mapped URL path [/webjars/**] onto handler of type [class org.springframework.web.servlet.resource.ResourceHttpRequestHandler]
2018-05-26 00:42:42.904  INFO 8782 --- [main] o.s.w.s.handler.SimpleUrlHandlerMapping  : Mapped URL path [/**] onto handler of type [class org.springframework.web.servlet.resource.ResourceHttpRequestHandler]
2018-05-26 00:42:42.945  INFO 8782 --- [main] o.s.w.s.handler.SimpleUrlHandlerMapping  : Mapped URL path [/**/favicon.ico] onto handler of type [class org.springframework.web.servlet.resource.ResourceHttpRequestHandler]
2018-05-26 00:42:42.971  WARN 8782 --- [main] ion$DefaultTemplateResolverConfiguration : Cannot find template location: classpath:/templates/ (please add some templates or check your Thymeleaf configuration)
2018-05-26 00:42:43.394  INFO 8782 --- [main] s.b.a.e.w.s.WebMvcEndpointHandlerMapping : Mapped "{[/actuator/health],methods=[GET],produces=[application/vnd.spring-boot.actuator.v2+json || application/json]}" onto public java.lang.Object org.springframework.boot.actuate.endpoint.web.servlet.AbstractWebMvcEndpointHandlerMapping$OperationHandler.handle(javax.servlet.http.HttpServletRequest,java.util.Map<java.lang.String, java.lang.String>)
2018-05-26 00:42:43.395  INFO 8782 --- [main] s.b.a.e.w.s.WebMvcEndpointHandlerMapping : Mapped "{[/actuator/info],methods=[GET],produces=[application/vnd.spring-boot.actuator.v2+json || application/json]}" onto public java.lang.Object org.springframework.boot.actuate.endpoint.web.servlet.AbstractWebMvcEndpointHandlerMapping$OperationHandler.handle(javax.servlet.http.HttpServletRequest,java.util.Map<java.lang.String, java.lang.String>)
2018-05-26 00:42:43.396  INFO 8782 --- [main] s.b.a.e.w.s.WebMvcEndpointHandlerMapping : Mapped "{[/actuator],methods=[GET],produces=[application/vnd.spring-boot.actuator.v2+json || application/json]}" onto protected java.util.Map<java.lang.String, java.util.Map<java.lang.String, org.springframework.boot.actuate.endpoint.web.Link>> org.springframework.boot.actuate.endpoint.web.servlet.WebMvcEndpointHandlerMapping.links(javax.servlet.http.HttpServletRequest,javax.servlet.http.HttpServletResponse)
2018-05-26 00:42:43.479  INFO 8782 --- [main] o.s.j.e.a.AnnotationMBeanExporter        : Registering beans for JMX exposure on startup
2018-05-26 00:42:43.480  INFO 8782 --- [main] o.s.j.e.a.AnnotationMBeanExporter        : Bean with name 'dataSource' has been autodetected for JMX exposure
2018-05-26 00:42:43.488  INFO 8782 --- [main] o.s.j.e.a.AnnotationMBeanExporter        : Located MBean 'dataSource': registering with JMX server as MBean [com.zaxxer.hikari:name=dataSource,type=HikariDataSource]
2018-05-26 00:42:43.667  INFO 8782 --- [main] o.s.b.w.embedded.tomcat.TomcatWebServer  : Tomcat started on port(s): 8080 (http) with context path ''
2018-05-26 00:42:43.671  INFO 8782 --- [main] com.javatican.stock.StockApplication     : Started StockApplication in 10.931 seconds (JVM running for 12.279)
2018-05-26 00:44:00.985  INFO 8782 --- [http-nio-8080-exec-1] o.a.c.c.C.[Tomcat].[localhost].[/]       : Initializing Spring FrameworkServlet 'dispatcherServlet'
2018-05-26 00:44:00.985  INFO 8782 --- [http-nio-8080-exec-1] o.s.web.servlet.DispatcherServlet        : FrameworkServlet 'dispatcherServlet': initialization started
2018-05-26 00:44:01.000  INFO 8782 --- [http-nio-8080-exec-1] o.s.web.servlet.DispatcherServlet        : FrameworkServlet 'dispatcherServlet': initialization completed in 15 ms
2018-05-26 00:44:01.882 DEBUG 8782 --- [http-nio-8080-exec-1] org.hibernate.SQL                        : insert into stock_item (capital, category, name, price, symbol) values (?, ?, ?, ?, ?)
2018-05-26 00:44:01.903 TRACE 8782 --- [http-nio-8080-exec-1] o.h.type.descriptor.sql.BasicBinder      : binding parameter [1] as [DOUBLE] - [1.7328738262E11]
2018-05-26 00:44:01.904 TRACE 8782 --- [http-nio-8080-exec-1] o.h.type.descriptor.sql.BasicBinder      : binding parameter [2] as [VARCHAR] - [上市公司]
2018-05-26 00:44:01.905 TRACE 8782 --- [http-nio-8080-exec-1] o.h.type.descriptor.sql.BasicBinder      : binding parameter [3] as [VARCHAR] - [鴻海]
2018-05-26 00:44:01.905 TRACE 8782 --- [http-nio-8080-exec-1] o.h.type.descriptor.sql.BasicBinder      : binding parameter [4] as [DOUBLE] - [0.0]
2018-05-26 00:44:01.905 TRACE 8782 --- [http-nio-8080-exec-1] o.h.type.descriptor.sql.BasicBinder      : binding parameter [5] as [VARCHAR] - [2317]
2018-05-26 00:44:54.643  INFO 8782 --- [http-nio-8080-exec-2] c.j.stock.IndividualStockService         : tradingDate=Mon Apr 02 00:00:00 CST 2018, close=88.1
2018-05-26 00:44:54.644  INFO 8782 --- [http-nio-8080-exec-2] c.j.stock.IndividualStockService         : tradingDate=Tue Apr 03 00:00:00 CST 2018, close=87.2
2018-05-26 00:44:54.644  INFO 8782 --- [http-nio-8080-exec-2] c.j.stock.IndividualStockService         : tradingDate=Mon Apr 09 00:00:00 CST 2018, close=87.4
2018-05-26 00:44:54.644  INFO 8782 --- [http-nio-8080-exec-2] c.j.stock.IndividualStockService         : tradingDate=Tue Apr 10 00:00:00 CST 2018, close=87.0
2018-05-26 00:44:54.644  INFO 8782 --- [http-nio-8080-exec-2] c.j.stock.IndividualStockService         : tradingDate=Wed Apr 11 00:00:00 CST 2018, close=87.3
2018-05-26 00:44:54.644  INFO 8782 --- [http-nio-8080-exec-2] c.j.stock.IndividualStockService         : tradingDate=Thu Apr 12 00:00:00 CST 2018, close=86.8
2018-05-26 00:44:54.644  INFO 8782 --- [http-nio-8080-exec-2] c.j.stock.IndividualStockService         : tradingDate=Fri Apr 13 00:00:00 CST 2018, close=87.0
2018-05-26 00:44:54.644  INFO 8782 --- [http-nio-8080-exec-2] c.j.stock.IndividualStockService         : tradingDate=Mon Apr 16 00:00:00 CST 2018, close=87.6
2018-05-26 00:44:54.644  INFO 8782 --- [http-nio-8080-exec-2] c.j.stock.IndividualStockService         : tradingDate=Tue Apr 17 00:00:00 CST 2018, close=86.5
2018-05-26 00:44:54.644  INFO 8782 --- [http-nio-8080-exec-2] c.j.stock.IndividualStockService         : tradingDate=Wed Apr 18 00:00:00 CST 2018, close=84.8
2018-05-26 00:44:54.644  INFO 8782 --- [http-nio-8080-exec-2] c.j.stock.IndividualStockService         : tradingDate=Thu Apr 19 00:00:00 CST 2018, close=85.0
2018-05-26 00:44:54.644  INFO 8782 --- [http-nio-8080-exec-2] c.j.stock.IndividualStockService         : tradingDate=Fri Apr 20 00:00:00 CST 2018, close=84.0
2018-05-26 00:44:54.645  INFO 8782 --- [http-nio-8080-exec-2] c.j.stock.IndividualStockService         : tradingDate=Mon Apr 23 00:00:00 CST 2018, close=83.0
2018-05-26 00:44:54.645  INFO 8782 --- [http-nio-8080-exec-2] c.j.stock.IndividualStockService         : tradingDate=Tue Apr 24 00:00:00 CST 2018, close=80.6
2018-05-26 00:44:54.645  INFO 8782 --- [http-nio-8080-exec-2] c.j.stock.IndividualStockService         : tradingDate=Wed Apr 25 00:00:00 CST 2018, close=80.4
2018-05-26 00:44:54.645  INFO 8782 --- [http-nio-8080-exec-2] c.j.stock.IndividualStockService         : tradingDate=Thu Apr 26 00:00:00 CST 2018, close=80.6
2018-05-26 00:44:54.645  INFO 8782 --- [http-nio-8080-exec-2] c.j.stock.IndividualStockService         : tradingDate=Fri Apr 27 00:00:00 CST 2018, close=81.5
2018-05-26 00:44:54.645  INFO 8782 --- [http-nio-8080-exec-2] c.j.stock.IndividualStockService         : tradingDate=Mon Apr 30 00:00:00 CST 2018, close=82.9
2018-05-26 00:44:54.648  INFO 8782 --- [http-nio-8080-exec-2] c.j.stock.IndividualStockService         : average close price=84.87222222222222
2018-05-26 00:44:54.728  INFO 8782 --- [http-nio-8080-exec-2] o.h.h.i.QueryTranslatorFactoryInitiator  : HHH000397: Using ASTQueryTranslatorFactory
2018-05-26 00:44:54.878 DEBUG 8782 --- [http-nio-8080-exec-2] org.hibernate.SQL                        : select stockitem0_.id as id1_0_, stockitem0_.capital as capital2_0_, stockitem0_.category as category3_0_, stockitem0_.name as name4_0_, stockitem0_.price as price5_0_, stockitem0_.symbol as symbol6_0_ from stock_item stockitem0_ where stockitem0_.symbol=?
2018-05-26 00:44:54.880 TRACE 8782 --- [http-nio-8080-exec-2] o.h.type.descriptor.sql.BasicBinder      : binding parameter [1] as [VARCHAR] - [2317]
2018-05-26 00:44:54.911 DEBUG 8782 --- [http-nio-8080-exec-2] org.hibernate.SQL                        : update stock_item set capital=?, category=?, name=?, price=?, symbol=? where id=?
2018-05-26 00:44:54.912 TRACE 8782 --- [http-nio-8080-exec-2] o.h.type.descriptor.sql.BasicBinder      : binding parameter [1] as [DOUBLE] - [1.7328738262E11]
2018-05-26 00:44:54.912 TRACE 8782 --- [http-nio-8080-exec-2] o.h.type.descriptor.sql.BasicBinder      : binding parameter [2] as [VARCHAR] - [上市公司]
2018-05-26 00:44:54.912 TRACE 8782 --- [http-nio-8080-exec-2] o.h.type.descriptor.sql.BasicBinder      : binding parameter [3] as [VARCHAR] - [鴻海]
2018-05-26 00:44:54.912 TRACE 8782 --- [http-nio-8080-exec-2] o.h.type.descriptor.sql.BasicBinder      : binding parameter [4] as [DOUBLE] - [84.87222222222222]
2018-05-26 00:44:54.913 TRACE 8782 --- [http-nio-8080-exec-2] o.h.type.descriptor.sql.BasicBinder      : binding parameter [5] as [VARCHAR] - [2317]
2018-05-26 00:44:54.913 TRACE 8782 --- [http-nio-8080-exec-2] o.h.type.descriptor.sql.BasicBinder      : binding parameter [6] as [BIGINT] - [1]
2018-05-26 00:46:28.863  INFO 8782 --- [RMI TCP Connection(2)-127.0.0.1] inMXBeanRegistrar$SpringApplicationAdmin : Application shutdown requested.
2018-05-26 00:46:28.863  INFO 8782 --- [RMI TCP Connection(2)-127.0.0.1] ConfigServletWebServerApplicationContext : Closing org.springframework.boot.web.servlet.context.AnnotationConfigServletWebServerApplicationContext@61230f6a: startup date [Sat May 26 00:42:33 CST 2018]; root of context hierarchy
2018-05-26 00:46:28.868  INFO 8782 --- [RMI TCP Connection(2)-127.0.0.1] o.s.j.e.a.AnnotationMBeanExporter        : Unregistering JMX-exposed beans on shutdown
2018-05-26 00:46:28.869  INFO 8782 --- [RMI TCP Connection(2)-127.0.0.1] o.s.j.e.a.AnnotationMBeanExporter        : Unregistering JMX-exposed beans
2018-05-26 00:46:28.871  INFO 8782 --- [RMI TCP Connection(2)-127.0.0.1] j.LocalContainerEntityManagerFactoryBean : Closing JPA EntityManagerFactory for persistence unit 'default'
2018-05-26 00:46:28.873  INFO 8782 --- [RMI TCP Connection(2)-127.0.0.1] com.zaxxer.hikari.HikariDataSource       : HikariPool-1 - Shutdown initiated...
2018-05-26 00:46:28.879  INFO 8782 --- [RMI TCP Connection(2)-127.0.0.1] com.zaxxer.hikari.HikariDataSource       : HikariPool-1 - Shutdown completed.
2018-05-26 00:47:11.085  INFO 9045 --- [main] com.javatican.stock.StockApplication     : Starting StockApplication on ryannieh-Inspiron-5559 with PID 9045 (/home/ryannieh/eclipse_sts_workspace/stock/target/classes started by ryannieh in /home/ryannieh/eclipse_sts_workspace/stock)
2018-05-26 00:47:11.087  INFO 9045 --- [main] com.javatican.stock.StockApplication     : No active profile set, falling back to default profiles: default
2018-05-26 00:47:11.119  INFO 9045 --- [main] ConfigServletWebServerApplicationContext : Refreshing org.springframework.boot.web.servlet.context.AnnotationConfigServletWebServerApplicationContext@41e36e46: startup date [Sat May 26 00:47:11 CST 2018]; root of context hierarchy
2018-05-26 00:47:12.709  INFO 9045 --- [main] trationDelegate$BeanPostProcessorChecker : Bean 'org.springframework.transaction.annotation.ProxyTransactionManagementConfiguration' of type [org.springframework.transaction.annotation.ProxyTransactionManagementConfiguration$$EnhancerBySpringCGLIB$$3abd8c36] is not eligible for getting processed by all BeanPostProcessors (for example: not eligible for auto-proxying)
2018-05-26 00:47:13.040  INFO 9045 --- [main] o.s.b.w.embedded.tomcat.TomcatWebServer  : Tomcat initialized with port(s): 8080 (http)
2018-05-26 00:47:13.067  INFO 9045 --- [main] o.apache.catalina.core.StandardService   : Starting service [Tomcat]
2018-05-26 00:47:13.067  INFO 9045 --- [main] org.apache.catalina.core.StandardEngine  : Starting Servlet Engine: Apache Tomcat/8.5.28
2018-05-26 00:47:13.073  INFO 9045 --- [localhost-startStop-1] o.a.catalina.core.AprLifecycleListener   : The APR based Apache Tomcat Native library which allows optimal performance in production environments was not found on the java.library.path: [/usr/java/packages/lib/amd64:/usr/lib64:/lib64:/lib:/usr/lib]
2018-05-26 00:47:13.169  INFO 9045 --- [localhost-startStop-1] o.a.c.c.C.[Tomcat].[localhost].[/]       : Initializing Spring embedded WebApplicationContext
2018-05-26 00:47:13.169  INFO 9045 --- [localhost-startStop-1] o.s.web.context.ContextLoader            : Root WebApplicationContext: initialization completed in 2050 ms
2018-05-26 00:47:13.838  INFO 9045 --- [localhost-startStop-1] o.s.b.w.servlet.ServletRegistrationBean  : Servlet dispatcherServlet mapped to [/]
2018-05-26 00:47:13.841  INFO 9045 --- [localhost-startStop-1] o.s.b.w.servlet.FilterRegistrationBean   : Mapping filter: 'characterEncodingFilter' to: [/*]
2018-05-26 00:47:13.842  INFO 9045 --- [localhost-startStop-1] o.s.b.w.servlet.FilterRegistrationBean   : Mapping filter: 'hiddenHttpMethodFilter' to: [/*]
2018-05-26 00:47:13.842  INFO 9045 --- [localhost-startStop-1] o.s.b.w.servlet.FilterRegistrationBean   : Mapping filter: 'httpPutFormContentFilter' to: [/*]
2018-05-26 00:47:13.842  INFO 9045 --- [localhost-startStop-1] o.s.b.w.servlet.FilterRegistrationBean   : Mapping filter: 'requestContextFilter' to: [/*]
2018-05-26 00:47:13.842  INFO 9045 --- [localhost-startStop-1] o.s.b.w.servlet.FilterRegistrationBean   : Mapping filter: 'httpTraceFilter' to: [/*]
2018-05-26 00:47:13.842  INFO 9045 --- [localhost-startStop-1] o.s.b.w.servlet.FilterRegistrationBean   : Mapping filter: 'webMvcMetricsFilter' to: [/*]
2018-05-26 00:47:13.930  INFO 9045 --- [main] com.zaxxer.hikari.HikariDataSource       : HikariPool-1 - Starting...
2018-05-26 00:47:14.255  INFO 9045 --- [main] com.zaxxer.hikari.HikariDataSource       : HikariPool-1 - Start completed.
2018-05-26 00:47:14.295  INFO 9045 --- [main] j.LocalContainerEntityManagerFactoryBean : Building JPA container EntityManagerFactory for persistence unit 'default'
2018-05-26 00:47:14.311  INFO 9045 --- [main] o.hibernate.jpa.internal.util.LogHelper  : HHH000204: Processing PersistenceUnitInfo [
	name: default
	...]
2018-05-26 00:47:14.373  INFO 9045 --- [main] org.hibernate.Version                    : HHH000412: Hibernate Core {5.2.14.Final}
2018-05-26 00:47:14.375  INFO 9045 --- [main] org.hibernate.cfg.Environment            : HHH000206: hibernate.properties not found
2018-05-26 00:47:14.407  INFO 9045 --- [main] o.hibernate.annotations.common.Version   : HCANN000001: Hibernate Commons Annotations {5.0.1.Final}
2018-05-26 00:47:14.509  INFO 9045 --- [main] org.hibernate.dialect.Dialect            : HHH000400: Using dialect: org.hibernate.dialect.MySQL5InnoDBDialect
2018-05-26 00:47:14.931 DEBUG 9045 --- [main] org.hibernate.SQL                        : drop table if exists stock_item
2018-05-26 00:47:15.108 DEBUG 9045 --- [main] org.hibernate.SQL                        : drop table if exists stock_trade_by_trust
2018-05-26 00:47:15.289 DEBUG 9045 --- [main] org.hibernate.SQL                        : drop table if exists trading_date
2018-05-26 00:47:15.435 DEBUG 9045 --- [main] org.hibernate.SQL                        : drop table if exists trading_value
2018-05-26 00:47:15.620 DEBUG 9045 --- [main] org.hibernate.SQL                        : create table stock_item (id bigint not null auto_increment, capital double precision, category varchar(255), name varchar(255), price double precision, symbol varchar(255) not null, primary key (id)) engine=InnoDB
2018-05-26 00:47:15.951 DEBUG 9045 --- [main] org.hibernate.SQL                        : create table stock_trade_by_trust (id bigint not null auto_increment, buy double precision not null, diff double precision not null, sell double precision not null, stock_symbol varchar(255) not null, trading_date datetime not null, primary key (id)) engine=InnoDB
2018-05-26 00:47:16.251 DEBUG 9045 --- [main] org.hibernate.SQL                        : create table trading_date (id bigint not null auto_increment, date datetime not null, primary key (id)) engine=InnoDB
2018-05-26 00:47:16.578 DEBUG 9045 --- [main] org.hibernate.SQL                        : create table trading_value (id bigint not null auto_increment, dealer_buy double precision not null, dealer_diff double precision not null, dealer_hedge_buy double precision not null, dealer_hedge_diff double precision not null, dealer_hedge_sell double precision not null, dealer_sell double precision not null, foreign_buy double precision not null, foreign_diff double precision not null, foreign_sell double precision not null, total_value double precision not null, trading_date datetime not null, trust_buy double precision not null, trust_diff double precision not null, trust_sell double precision not null, primary key (id)) engine=InnoDB
2018-05-26 00:47:17.026 DEBUG 9045 --- [main] org.hibernate.SQL                        : alter table stock_item add constraint UK_lii804qpa7ebjtnnq7m9h27fk unique (symbol)
2018-05-26 00:47:17.383 DEBUG 9045 --- [main] org.hibernate.SQL                        : alter table trading_date add constraint UK_92cbyw0rhtpyvh78cgkfiihr unique (date)
2018-05-26 00:47:17.662 DEBUG 9045 --- [main] org.hibernate.SQL                        : alter table trading_value add constraint UK_k448hsebk3vjpgs8l1upnrh6m unique (trading_date)
2018-05-26 00:47:17.942  INFO 9045 --- [main] o.h.t.schema.internal.SchemaCreatorImpl  : HHH000476: Executing import script 'org.hibernate.tool.schema.internal.exec.ScriptSourceInputNonExistentImpl@558b4942'
2018-05-26 00:47:17.944  INFO 9045 --- [main] j.LocalContainerEntityManagerFactoryBean : Initialized JPA EntityManagerFactory for persistence unit 'default'
2018-05-26 00:47:18.598  INFO 9045 --- [main] s.w.s.m.m.a.RequestMappingHandlerAdapter : Looking for @ControllerAdvice: org.springframework.boot.web.servlet.context.AnnotationConfigServletWebServerApplicationContext@41e36e46: startup date [Sat May 26 00:47:11 CST 2018]; root of context hierarchy
2018-05-26 00:47:18.625  WARN 9045 --- [main] aWebConfiguration$JpaWebMvcConfiguration : spring.jpa.open-in-view is enabled by default. Therefore, database queries may be performed during view rendering. Explicitly configure spring.jpa.open-in-view to disable this warning
2018-05-26 00:47:18.652  INFO 9045 --- [main] s.w.s.m.m.a.RequestMappingHandlerMapping : Mapped "{[/stock/prepareData],methods=[GET]}" onto public com.javatican.stock.util.ResponseMessage com.javatican.stock.StockController.prepareData()
2018-05-26 00:47:18.654  INFO 9045 --- [main] s.w.s.m.m.a.RequestMappingHandlerMapping : Mapped "{[/stock/{stockSymbol}/createProfile],methods=[GET]}" onto public com.javatican.stock.util.ResponseMessage com.javatican.stock.StockController.createStockProfile(java.lang.String)
2018-05-26 00:47:18.655  INFO 9045 --- [main] s.w.s.m.m.a.RequestMappingHandlerMapping : Mapped "{[/stock/{stockSymbol}/updatePrice],methods=[GET]}" onto public com.javatican.stock.util.ResponseMessage com.javatican.stock.StockController.updateStockItemPrice(java.lang.String)
2018-05-26 00:47:18.655  INFO 9045 --- [main] s.w.s.m.m.a.RequestMappingHandlerMapping : Mapped "{[/stock/updateData],methods=[GET]}" onto public com.javatican.stock.util.ResponseMessage com.javatican.stock.StockController.updateDate()
2018-05-26 00:47:18.655  INFO 9045 --- [main] s.w.s.m.m.a.RequestMappingHandlerMapping : Mapped "{[/stock/{stockSymbol}/prepareData],methods=[GET]}" onto public com.javatican.stock.util.ResponseMessage com.javatican.stock.StockController.prepareStockData(java.lang.String)
2018-05-26 00:47:18.655  INFO 9045 --- [main] s.w.s.m.m.a.RequestMappingHandlerMapping : Mapped "{[/stock/{stockSymbol}/updateData],methods=[GET]}" onto public com.javatican.stock.util.ResponseMessage com.javatican.stock.StockController.updateStockData(java.lang.String)
2018-05-26 00:47:18.659  INFO 9045 --- [main] s.w.s.m.m.a.RequestMappingHandlerMapping : Mapped "{[/error],produces=[text/html]}" onto public org.springframework.web.servlet.ModelAndView org.springframework.boot.autoconfigure.web.servlet.error.BasicErrorController.errorHtml(javax.servlet.http.HttpServletRequest,javax.servlet.http.HttpServletResponse)
2018-05-26 00:47:18.659  INFO 9045 --- [main] s.w.s.m.m.a.RequestMappingHandlerMapping : Mapped "{[/error]}" onto public org.springframework.http.ResponseEntity<java.util.Map<java.lang.String, java.lang.Object>> org.springframework.boot.autoconfigure.web.servlet.error.BasicErrorController.error(javax.servlet.http.HttpServletRequest)
2018-05-26 00:47:18.692  INFO 9045 --- [main] o.s.w.s.handler.SimpleUrlHandlerMapping  : Mapped URL path [/webjars/**] onto handler of type [class org.springframework.web.servlet.resource.ResourceHttpRequestHandler]
2018-05-26 00:47:18.692  INFO 9045 --- [main] o.s.w.s.handler.SimpleUrlHandlerMapping  : Mapped URL path [/**] onto handler of type [class org.springframework.web.servlet.resource.ResourceHttpRequestHandler]
2018-05-26 00:47:18.739  INFO 9045 --- [main] o.s.w.s.handler.SimpleUrlHandlerMapping  : Mapped URL path [/**/favicon.ico] onto handler of type [class org.springframework.web.servlet.resource.ResourceHttpRequestHandler]
2018-05-26 00:47:18.763  WARN 9045 --- [main] ion$DefaultTemplateResolverConfiguration : Cannot find template location: classpath:/templates/ (please add some templates or check your Thymeleaf configuration)
2018-05-26 00:47:19.059  INFO 9045 --- [main] s.b.a.e.w.s.WebMvcEndpointHandlerMapping : Mapped "{[/actuator/health],methods=[GET],produces=[application/vnd.spring-boot.actuator.v2+json || application/json]}" onto public java.lang.Object org.springframework.boot.actuate.endpoint.web.servlet.AbstractWebMvcEndpointHandlerMapping$OperationHandler.handle(javax.servlet.http.HttpServletRequest,java.util.Map<java.lang.String, java.lang.String>)
2018-05-26 00:47:19.060  INFO 9045 --- [main] s.b.a.e.w.s.WebMvcEndpointHandlerMapping : Mapped "{[/actuator/info],methods=[GET],produces=[application/vnd.spring-boot.actuator.v2+json || application/json]}" onto public java.lang.Object org.springframework.boot.actuate.endpoint.web.servlet.AbstractWebMvcEndpointHandlerMapping$OperationHandler.handle(javax.servlet.http.HttpServletRequest,java.util.Map<java.lang.String, java.lang.String>)
2018-05-26 00:47:19.061  INFO 9045 --- [main] s.b.a.e.w.s.WebMvcEndpointHandlerMapping : Mapped "{[/actuator],methods=[GET],produces=[application/vnd.spring-boot.actuator.v2+json || application/json]}" onto protected java.util.Map<java.lang.String, java.util.Map<java.lang.String, org.springframework.boot.actuate.endpoint.web.Link>> org.springframework.boot.actuate.endpoint.web.servlet.WebMvcEndpointHandlerMapping.links(javax.servlet.http.HttpServletRequest,javax.servlet.http.HttpServletResponse)
2018-05-26 00:47:19.139  INFO 9045 --- [main] o.s.j.e.a.AnnotationMBeanExporter        : Registering beans for JMX exposure on startup
2018-05-26 00:47:19.140  INFO 9045 --- [main] o.s.j.e.a.AnnotationMBeanExporter        : Bean with name 'dataSource' has been autodetected for JMX exposure
2018-05-26 00:47:19.147  INFO 9045 --- [main] o.s.j.e.a.AnnotationMBeanExporter        : Located MBean 'dataSource': registering with JMX server as MBean [com.zaxxer.hikari:name=dataSource,type=HikariDataSource]
2018-05-26 00:47:19.195  INFO 9045 --- [main] o.s.b.w.embedded.tomcat.TomcatWebServer  : Tomcat started on port(s): 8080 (http) with context path ''
2018-05-26 00:47:19.198  INFO 9045 --- [main] com.javatican.stock.StockApplication     : Started StockApplication in 8.368 seconds (JVM running for 8.879)
2018-05-26 00:47:40.197  INFO 9045 --- [http-nio-8080-exec-1] o.a.c.c.C.[Tomcat].[localhost].[/]       : Initializing Spring FrameworkServlet 'dispatcherServlet'
2018-05-26 00:47:40.198  INFO 9045 --- [http-nio-8080-exec-1] o.s.web.servlet.DispatcherServlet        : FrameworkServlet 'dispatcherServlet': initialization started
2018-05-26 00:47:40.215  INFO 9045 --- [http-nio-8080-exec-1] o.s.web.servlet.DispatcherServlet        : FrameworkServlet 'dispatcherServlet': initialization completed in 17 ms
2018-05-26 00:48:05.992 DEBUG 9045 --- [http-nio-8080-exec-3] org.hibernate.SQL                        : insert into stock_item (capital, category, name, price, symbol) values (?, ?, ?, ?, ?)
2018-05-26 00:48:06.001 TRACE 9045 --- [http-nio-8080-exec-3] o.h.type.descriptor.sql.BasicBinder      : binding parameter [1] as [DOUBLE] - [1.579269032E10]
2018-05-26 00:48:06.002 TRACE 9045 --- [http-nio-8080-exec-3] o.h.type.descriptor.sql.BasicBinder      : binding parameter [2] as [VARCHAR] - [上市公司]
2018-05-26 00:48:06.004 TRACE 9045 --- [http-nio-8080-exec-3] o.h.type.descriptor.sql.BasicBinder      : binding parameter [3] as [VARCHAR] - [聯發科]
2018-05-26 00:48:06.004 TRACE 9045 --- [http-nio-8080-exec-3] o.h.type.descriptor.sql.BasicBinder      : binding parameter [4] as [DOUBLE] - [0.0]
2018-05-26 00:48:06.005 TRACE 9045 --- [http-nio-8080-exec-3] o.h.type.descriptor.sql.BasicBinder      : binding parameter [5] as [VARCHAR] - [2454]
2018-05-26 00:48:13.613 DEBUG 9045 --- [http-nio-8080-exec-4] org.hibernate.SQL                        : insert into stock_item (capital, category, name, price, symbol) values (?, ?, ?, ?, ?)
2018-05-26 00:48:13.614 TRACE 9045 --- [http-nio-8080-exec-4] o.h.type.descriptor.sql.BasicBinder      : binding parameter [1] as [DOUBLE] - [1.7328738262E11]
2018-05-26 00:48:13.615 TRACE 9045 --- [http-nio-8080-exec-4] o.h.type.descriptor.sql.BasicBinder      : binding parameter [2] as [VARCHAR] - [上市公司]
2018-05-26 00:48:13.615 TRACE 9045 --- [http-nio-8080-exec-4] o.h.type.descriptor.sql.BasicBinder      : binding parameter [3] as [VARCHAR] - [鴻海]
2018-05-26 00:48:13.616 TRACE 9045 --- [http-nio-8080-exec-4] o.h.type.descriptor.sql.BasicBinder      : binding parameter [4] as [DOUBLE] - [0.0]
2018-05-26 00:48:13.616 TRACE 9045 --- [http-nio-8080-exec-4] o.h.type.descriptor.sql.BasicBinder      : binding parameter [5] as [VARCHAR] - [2317]
2018-05-26 00:48:18.823 DEBUG 9045 --- [http-nio-8080-exec-6] org.hibernate.SQL                        : insert into stock_item (capital, category, name, price, symbol) values (?, ?, ?, ?, ?)
2018-05-26 00:48:18.824 TRACE 9045 --- [http-nio-8080-exec-6] o.h.type.descriptor.sql.BasicBinder      : binding parameter [1] as [DOUBLE] - [2.5930380458E11]
2018-05-26 00:48:18.824 TRACE 9045 --- [http-nio-8080-exec-6] o.h.type.descriptor.sql.BasicBinder      : binding parameter [2] as [VARCHAR] - [上市公司]
2018-05-26 00:48:18.824 TRACE 9045 --- [http-nio-8080-exec-6] o.h.type.descriptor.sql.BasicBinder      : binding parameter [3] as [VARCHAR] - [台積電]
2018-05-26 00:48:18.824 TRACE 9045 --- [http-nio-8080-exec-6] o.h.type.descriptor.sql.BasicBinder      : binding parameter [4] as [DOUBLE] - [0.0]
2018-05-26 00:48:18.825 TRACE 9045 --- [http-nio-8080-exec-6] o.h.type.descriptor.sql.BasicBinder      : binding parameter [5] as [VARCHAR] - [2330]
2018-05-26 00:48:23.687 DEBUG 9045 --- [http-nio-8080-exec-7] org.hibernate.SQL                        : insert into stock_item (capital, category, name, price, symbol) values (?, ?, ?, ?, ?)
2018-05-26 00:48:23.690 TRACE 9045 --- [http-nio-8080-exec-7] o.h.type.descriptor.sql.BasicBinder      : binding parameter [1] as [DOUBLE] - [1.34140197E9]
2018-05-26 00:48:23.690 TRACE 9045 --- [http-nio-8080-exec-7] o.h.type.descriptor.sql.BasicBinder      : binding parameter [2] as [VARCHAR] - [上市公司]
2018-05-26 00:48:23.690 TRACE 9045 --- [http-nio-8080-exec-7] o.h.type.descriptor.sql.BasicBinder      : binding parameter [3] as [VARCHAR] - [大立光]
2018-05-26 00:48:23.691 TRACE 9045 --- [http-nio-8080-exec-7] o.h.type.descriptor.sql.BasicBinder      : binding parameter [4] as [DOUBLE] - [0.0]
2018-05-26 00:48:23.691 TRACE 9045 --- [http-nio-8080-exec-7] o.h.type.descriptor.sql.BasicBinder      : binding parameter [5] as [VARCHAR] - [3008]
2018-05-26 00:49:05.833  INFO 9045 --- [http-nio-8080-exec-9] c.j.stock.IndividualStockService         : prepare data for date:20171201
2018-05-26 00:49:11.078  INFO 9045 --- [http-nio-8080-exec-9] c.j.stock.IndividualStockService         : prepare data for date:20180101
2018-05-26 00:49:16.252  INFO 9045 --- [http-nio-8080-exec-9] c.j.stock.IndividualStockService         : prepare data for date:20180201
2018-05-26 00:49:21.389  INFO 9045 --- [http-nio-8080-exec-9] c.j.stock.IndividualStockService         : prepare data for date:20180301
2018-05-26 00:49:26.585  INFO 9045 --- [http-nio-8080-exec-9] c.j.stock.IndividualStockService         : prepare data for date:20180401
2018-05-26 00:49:31.755  INFO 9045 --- [http-nio-8080-exec-9] c.j.stock.IndividualStockService         : prepare data for date:20180501
2018-05-26 00:49:36.977  INFO 9045 --- [http-nio-8080-exec-9] com.javatican.stock.StockPriceDAO        : Finish save stock prices for stock:3008
2018-05-26 00:49:44.317  INFO 9045 --- [http-nio-8080-exec-1] c.j.stock.IndividualStockService         : prepare data for date:20171201
2018-05-26 00:49:49.511  INFO 9045 --- [http-nio-8080-exec-1] c.j.stock.IndividualStockService         : prepare data for date:20180101
2018-05-26 00:49:54.647  INFO 9045 --- [http-nio-8080-exec-1] c.j.stock.IndividualStockService         : prepare data for date:20180201
2018-05-26 00:49:59.779  INFO 9045 --- [http-nio-8080-exec-1] c.j.stock.IndividualStockService         : prepare data for date:20180301
2018-05-26 00:50:04.908  INFO 9045 --- [http-nio-8080-exec-1] c.j.stock.IndividualStockService         : prepare data for date:20180401
2018-05-26 00:50:10.047  INFO 9045 --- [http-nio-8080-exec-1] c.j.stock.IndividualStockService         : prepare data for date:20180501
2018-05-26 00:50:15.216  INFO 9045 --- [http-nio-8080-exec-1] com.javatican.stock.StockPriceDAO        : Finish save stock prices for stock:2330
2018-05-26 00:50:25.990  INFO 9045 --- [http-nio-8080-exec-3] c.j.stock.IndividualStockService         : prepare data for date:20171201
2018-05-26 00:50:31.176  INFO 9045 --- [http-nio-8080-exec-3] c.j.stock.IndividualStockService         : prepare data for date:20180101
2018-05-26 00:50:36.420  INFO 9045 --- [http-nio-8080-exec-3] c.j.stock.IndividualStockService         : prepare data for date:20180201
2018-05-26 00:50:41.546  INFO 9045 --- [http-nio-8080-exec-3] c.j.stock.IndividualStockService         : prepare data for date:20180301
2018-05-26 00:50:46.706  INFO 9045 --- [http-nio-8080-exec-3] c.j.stock.IndividualStockService         : prepare data for date:20180401
2018-05-26 00:50:51.822  INFO 9045 --- [http-nio-8080-exec-3] c.j.stock.IndividualStockService         : prepare data for date:20180501
2018-05-26 00:50:56.988  INFO 9045 --- [http-nio-8080-exec-3] com.javatican.stock.StockPriceDAO        : Finish save stock prices for stock:2454
2018-05-26 00:51:28.069  INFO 9045 --- [http-nio-8080-exec-5] c.j.stock.IndividualStockService         : tradingDate=Mon Apr 02 00:00:00 CST 2018, close=336.5
2018-05-26 00:51:28.070  INFO 9045 --- [http-nio-8080-exec-5] c.j.stock.IndividualStockService         : tradingDate=Tue Apr 03 00:00:00 CST 2018, close=328.0
2018-05-26 00:51:28.070  INFO 9045 --- [http-nio-8080-exec-5] c.j.stock.IndividualStockService         : tradingDate=Mon Apr 09 00:00:00 CST 2018, close=327.5
2018-05-26 00:51:28.070  INFO 9045 --- [http-nio-8080-exec-5] c.j.stock.IndividualStockService         : tradingDate=Tue Apr 10 00:00:00 CST 2018, close=327.0
2018-05-26 00:51:28.070  INFO 9045 --- [http-nio-8080-exec-5] c.j.stock.IndividualStockService         : tradingDate=Wed Apr 11 00:00:00 CST 2018, close=339.0
2018-05-26 00:51:28.070  INFO 9045 --- [http-nio-8080-exec-5] c.j.stock.IndividualStockService         : tradingDate=Thu Apr 12 00:00:00 CST 2018, close=331.5
2018-05-26 00:51:28.070  INFO 9045 --- [http-nio-8080-exec-5] c.j.stock.IndividualStockService         : tradingDate=Fri Apr 13 00:00:00 CST 2018, close=336.0
2018-05-26 00:51:28.070  INFO 9045 --- [http-nio-8080-exec-5] c.j.stock.IndividualStockService         : tradingDate=Mon Apr 16 00:00:00 CST 2018, close=342.0
2018-05-26 00:51:28.070  INFO 9045 --- [http-nio-8080-exec-5] c.j.stock.IndividualStockService         : tradingDate=Tue Apr 17 00:00:00 CST 2018, close=340.0
2018-05-26 00:51:28.071  INFO 9045 --- [http-nio-8080-exec-5] c.j.stock.IndividualStockService         : tradingDate=Wed Apr 18 00:00:00 CST 2018, close=362.0
2018-05-26 00:51:28.071  INFO 9045 --- [http-nio-8080-exec-5] c.j.stock.IndividualStockService         : tradingDate=Thu Apr 19 00:00:00 CST 2018, close=360.5
2018-05-26 00:51:28.071  INFO 9045 --- [http-nio-8080-exec-5] c.j.stock.IndividualStockService         : tradingDate=Fri Apr 20 00:00:00 CST 2018, close=354.5
2018-05-26 00:51:28.071  INFO 9045 --- [http-nio-8080-exec-5] c.j.stock.IndividualStockService         : tradingDate=Mon Apr 23 00:00:00 CST 2018, close=350.5
2018-05-26 00:51:28.071  INFO 9045 --- [http-nio-8080-exec-5] c.j.stock.IndividualStockService         : tradingDate=Tue Apr 24 00:00:00 CST 2018, close=341.5
2018-05-26 00:51:28.071  INFO 9045 --- [http-nio-8080-exec-5] c.j.stock.IndividualStockService         : tradingDate=Wed Apr 25 00:00:00 CST 2018, close=337.0
2018-05-26 00:51:28.071  INFO 9045 --- [http-nio-8080-exec-5] c.j.stock.IndividualStockService         : tradingDate=Thu Apr 26 00:00:00 CST 2018, close=323.5
2018-05-26 00:51:28.071  INFO 9045 --- [http-nio-8080-exec-5] c.j.stock.IndividualStockService         : tradingDate=Fri Apr 27 00:00:00 CST 2018, close=339.5
2018-05-26 00:51:28.071  INFO 9045 --- [http-nio-8080-exec-5] c.j.stock.IndividualStockService         : tradingDate=Mon Apr 30 00:00:00 CST 2018, close=340.0
2018-05-26 00:51:28.075  INFO 9045 --- [http-nio-8080-exec-5] c.j.stock.IndividualStockService         : average close price=339.80555555555554
2018-05-26 00:51:28.096  INFO 9045 --- [http-nio-8080-exec-5] o.h.h.i.QueryTranslatorFactoryInitiator  : HHH000397: Using ASTQueryTranslatorFactory
2018-05-26 00:51:28.169 DEBUG 9045 --- [http-nio-8080-exec-5] org.hibernate.SQL                        : select stockitem0_.id as id1_0_, stockitem0_.capital as capital2_0_, stockitem0_.category as category3_0_, stockitem0_.name as name4_0_, stockitem0_.price as price5_0_, stockitem0_.symbol as symbol6_0_ from stock_item stockitem0_ where stockitem0_.symbol=?
2018-05-26 00:51:28.170 TRACE 9045 --- [http-nio-8080-exec-5] o.h.type.descriptor.sql.BasicBinder      : binding parameter [1] as [VARCHAR] - [2454]
2018-05-26 00:51:28.190 DEBUG 9045 --- [http-nio-8080-exec-5] org.hibernate.SQL                        : update stock_item set capital=?, category=?, name=?, price=?, symbol=? where id=?
2018-05-26 00:51:28.190 TRACE 9045 --- [http-nio-8080-exec-5] o.h.type.descriptor.sql.BasicBinder      : binding parameter [1] as [DOUBLE] - [1.579269032E10]
2018-05-26 00:51:28.191 TRACE 9045 --- [http-nio-8080-exec-5] o.h.type.descriptor.sql.BasicBinder      : binding parameter [2] as [VARCHAR] - [上市公司]
2018-05-26 00:51:28.191 TRACE 9045 --- [http-nio-8080-exec-5] o.h.type.descriptor.sql.BasicBinder      : binding parameter [3] as [VARCHAR] - [聯發科]
2018-05-26 00:51:28.191 TRACE 9045 --- [http-nio-8080-exec-5] o.h.type.descriptor.sql.BasicBinder      : binding parameter [4] as [DOUBLE] - [339.80555555555554]
2018-05-26 00:51:28.191 TRACE 9045 --- [http-nio-8080-exec-5] o.h.type.descriptor.sql.BasicBinder      : binding parameter [5] as [VARCHAR] - [2454]
2018-05-26 00:51:28.192 TRACE 9045 --- [http-nio-8080-exec-5] o.h.type.descriptor.sql.BasicBinder      : binding parameter [6] as [BIGINT] - [1]
2018-05-26 00:52:01.810  INFO 9045 --- [http-nio-8080-exec-7] c.j.stock.IndividualStockService         : tradingDate=Mon Apr 02 00:00:00 CST 2018, close=246.5
2018-05-26 00:52:01.810  INFO 9045 --- [http-nio-8080-exec-7] c.j.stock.IndividualStockService         : tradingDate=Tue Apr 03 00:00:00 CST 2018, close=244.0
2018-05-26 00:52:01.810  INFO 9045 --- [http-nio-8080-exec-7] c.j.stock.IndividualStockService         : tradingDate=Mon Apr 09 00:00:00 CST 2018, close=245.0
2018-05-26 00:52:01.811  INFO 9045 --- [http-nio-8080-exec-7] c.j.stock.IndividualStockService         : tradingDate=Tue Apr 10 00:00:00 CST 2018, close=245.5
2018-05-26 00:52:01.811  INFO 9045 --- [http-nio-8080-exec-7] c.j.stock.IndividualStockService         : tradingDate=Wed Apr 11 00:00:00 CST 2018, close=248.0
2018-05-26 00:52:01.811  INFO 9045 --- [http-nio-8080-exec-7] c.j.stock.IndividualStockService         : tradingDate=Thu Apr 12 00:00:00 CST 2018, close=245.0
2018-05-26 00:52:01.811  INFO 9045 --- [http-nio-8080-exec-7] c.j.stock.IndividualStockService         : tradingDate=Fri Apr 13 00:00:00 CST 2018, close=244.5
2018-05-26 00:52:01.811  INFO 9045 --- [http-nio-8080-exec-7] c.j.stock.IndividualStockService         : tradingDate=Mon Apr 16 00:00:00 CST 2018, close=243.5
2018-05-26 00:52:01.811  INFO 9045 --- [http-nio-8080-exec-7] c.j.stock.IndividualStockService         : tradingDate=Tue Apr 17 00:00:00 CST 2018, close=238.0
2018-05-26 00:52:01.811  INFO 9045 --- [http-nio-8080-exec-7] c.j.stock.IndividualStockService         : tradingDate=Wed Apr 18 00:00:00 CST 2018, close=238.0
2018-05-26 00:52:01.811  INFO 9045 --- [http-nio-8080-exec-7] c.j.stock.IndividualStockService         : tradingDate=Thu Apr 19 00:00:00 CST 2018, close=244.5
2018-05-26 00:52:01.811  INFO 9045 --- [http-nio-8080-exec-7] c.j.stock.IndividualStockService         : tradingDate=Fri Apr 20 00:00:00 CST 2018, close=229.0
2018-05-26 00:52:01.811  INFO 9045 --- [http-nio-8080-exec-7] c.j.stock.IndividualStockService         : tradingDate=Mon Apr 23 00:00:00 CST 2018, close=226.5
2018-05-26 00:52:01.812  INFO 9045 --- [http-nio-8080-exec-7] c.j.stock.IndividualStockService         : tradingDate=Tue Apr 24 00:00:00 CST 2018, close=227.0
2018-05-26 00:52:01.812  INFO 9045 --- [http-nio-8080-exec-7] c.j.stock.IndividualStockService         : tradingDate=Wed Apr 25 00:00:00 CST 2018, close=225.0
2018-05-26 00:52:01.812  INFO 9045 --- [http-nio-8080-exec-7] c.j.stock.IndividualStockService         : tradingDate=Thu Apr 26 00:00:00 CST 2018, close=222.0
2018-05-26 00:52:01.812  INFO 9045 --- [http-nio-8080-exec-7] c.j.stock.IndividualStockService         : tradingDate=Fri Apr 27 00:00:00 CST 2018, close=223.5
2018-05-26 00:52:01.812  INFO 9045 --- [http-nio-8080-exec-7] c.j.stock.IndividualStockService         : tradingDate=Mon Apr 30 00:00:00 CST 2018, close=227.0
2018-05-26 00:52:01.812  INFO 9045 --- [http-nio-8080-exec-7] c.j.stock.IndividualStockService         : average close price=236.80555555555554
2018-05-26 00:52:01.813 DEBUG 9045 --- [http-nio-8080-exec-7] org.hibernate.SQL                        : select stockitem0_.id as id1_0_, stockitem0_.capital as capital2_0_, stockitem0_.category as category3_0_, stockitem0_.name as name4_0_, stockitem0_.price as price5_0_, stockitem0_.symbol as symbol6_0_ from stock_item stockitem0_ where stockitem0_.symbol=?
2018-05-26 00:52:01.813 TRACE 9045 --- [http-nio-8080-exec-7] o.h.type.descriptor.sql.BasicBinder      : binding parameter [1] as [VARCHAR] - [2330]
2018-05-26 00:52:01.816 DEBUG 9045 --- [http-nio-8080-exec-7] org.hibernate.SQL                        : update stock_item set capital=?, category=?, name=?, price=?, symbol=? where id=?
2018-05-26 00:52:01.817 TRACE 9045 --- [http-nio-8080-exec-7] o.h.type.descriptor.sql.BasicBinder      : binding parameter [1] as [DOUBLE] - [2.5930380458E11]
2018-05-26 00:52:01.817 TRACE 9045 --- [http-nio-8080-exec-7] o.h.type.descriptor.sql.BasicBinder      : binding parameter [2] as [VARCHAR] - [上市公司]
2018-05-26 00:52:01.817 TRACE 9045 --- [http-nio-8080-exec-7] o.h.type.descriptor.sql.BasicBinder      : binding parameter [3] as [VARCHAR] - [台積電]
2018-05-26 00:52:01.817 TRACE 9045 --- [http-nio-8080-exec-7] o.h.type.descriptor.sql.BasicBinder      : binding parameter [4] as [DOUBLE] - [236.80555555555554]
2018-05-26 00:52:01.817 TRACE 9045 --- [http-nio-8080-exec-7] o.h.type.descriptor.sql.BasicBinder      : binding parameter [5] as [VARCHAR] - [2330]
2018-05-26 00:52:01.818 TRACE 9045 --- [http-nio-8080-exec-7] o.h.type.descriptor.sql.BasicBinder      : binding parameter [6] as [BIGINT] - [3]
2018-05-26 00:52:15.353  INFO 9045 --- [http-nio-8080-exec-9] c.j.stock.IndividualStockService         : tradingDate=Mon Apr 02 00:00:00 CST 2018, close=3185.0
2018-05-26 00:52:15.354  INFO 9045 --- [http-nio-8080-exec-9] c.j.stock.IndividualStockService         : tradingDate=Tue Apr 03 00:00:00 CST 2018, close=3185.0
2018-05-26 00:52:15.354  INFO 9045 --- [http-nio-8080-exec-9] c.j.stock.IndividualStockService         : tradingDate=Mon Apr 09 00:00:00 CST 2018, close=3000.0
2018-05-26 00:52:15.354  INFO 9045 --- [http-nio-8080-exec-9] c.j.stock.IndividualStockService         : tradingDate=Tue Apr 10 00:00:00 CST 2018, close=3250.0
2018-05-26 00:52:15.354  INFO 9045 --- [http-nio-8080-exec-9] c.j.stock.IndividualStockService         : tradingDate=Wed Apr 11 00:00:00 CST 2018, close=3230.0
2018-05-26 00:52:15.354  INFO 9045 --- [http-nio-8080-exec-9] c.j.stock.IndividualStockService         : tradingDate=Thu Apr 12 00:00:00 CST 2018, close=3300.0
2018-05-26 00:52:15.354  INFO 9045 --- [http-nio-8080-exec-9] c.j.stock.IndividualStockService         : tradingDate=Fri Apr 13 00:00:00 CST 2018, close=3460.0
2018-05-26 00:52:15.355  INFO 9045 --- [http-nio-8080-exec-9] c.j.stock.IndividualStockService         : tradingDate=Mon Apr 16 00:00:00 CST 2018, close=3550.0
2018-05-26 00:52:15.355  INFO 9045 --- [http-nio-8080-exec-9] c.j.stock.IndividualStockService         : tradingDate=Tue Apr 17 00:00:00 CST 2018, close=3580.0
2018-05-26 00:52:15.355  INFO 9045 --- [http-nio-8080-exec-9] c.j.stock.IndividualStockService         : tradingDate=Wed Apr 18 00:00:00 CST 2018, close=3525.0
2018-05-26 00:52:15.355  INFO 9045 --- [http-nio-8080-exec-9] c.j.stock.IndividualStockService         : tradingDate=Thu Apr 19 00:00:00 CST 2018, close=3490.0
2018-05-26 00:52:15.355  INFO 9045 --- [http-nio-8080-exec-9] c.j.stock.IndividualStockService         : tradingDate=Fri Apr 20 00:00:00 CST 2018, close=3420.0
2018-05-26 00:52:15.355  INFO 9045 --- [http-nio-8080-exec-9] c.j.stock.IndividualStockService         : tradingDate=Mon Apr 23 00:00:00 CST 2018, close=3255.0
2018-05-26 00:52:15.355  INFO 9045 --- [http-nio-8080-exec-9] c.j.stock.IndividualStockService         : tradingDate=Tue Apr 24 00:00:00 CST 2018, close=3220.0
2018-05-26 00:52:15.355  INFO 9045 --- [http-nio-8080-exec-9] c.j.stock.IndividualStockService         : tradingDate=Wed Apr 25 00:00:00 CST 2018, close=3250.0
2018-05-26 00:52:15.355  INFO 9045 --- [http-nio-8080-exec-9] c.j.stock.IndividualStockService         : tradingDate=Thu Apr 26 00:00:00 CST 2018, close=3295.0
2018-05-26 00:52:15.356  INFO 9045 --- [http-nio-8080-exec-9] c.j.stock.IndividualStockService         : tradingDate=Fri Apr 27 00:00:00 CST 2018, close=3265.0
2018-05-26 00:52:15.356  INFO 9045 --- [http-nio-8080-exec-9] c.j.stock.IndividualStockService         : tradingDate=Mon Apr 30 00:00:00 CST 2018, close=3480.0
2018-05-26 00:52:15.356  INFO 9045 --- [http-nio-8080-exec-9] c.j.stock.IndividualStockService         : average close price=3330.0
2018-05-26 00:52:15.357 DEBUG 9045 --- [http-nio-8080-exec-9] org.hibernate.SQL                        : select stockitem0_.id as id1_0_, stockitem0_.capital as capital2_0_, stockitem0_.category as category3_0_, stockitem0_.name as name4_0_, stockitem0_.price as price5_0_, stockitem0_.symbol as symbol6_0_ from stock_item stockitem0_ where stockitem0_.symbol=?
2018-05-26 00:52:15.357 TRACE 9045 --- [http-nio-8080-exec-9] o.h.type.descriptor.sql.BasicBinder      : binding parameter [1] as [VARCHAR] - [3008]
2018-05-26 00:52:15.360 DEBUG 9045 --- [http-nio-8080-exec-9] org.hibernate.SQL                        : update stock_item set capital=?, category=?, name=?, price=?, symbol=? where id=?
2018-05-26 00:52:15.360 TRACE 9045 --- [http-nio-8080-exec-9] o.h.type.descriptor.sql.BasicBinder      : binding parameter [1] as [DOUBLE] - [1.34140197E9]
2018-05-26 00:52:15.360 TRACE 9045 --- [http-nio-8080-exec-9] o.h.type.descriptor.sql.BasicBinder      : binding parameter [2] as [VARCHAR] - [上市公司]
2018-05-26 00:52:15.361 TRACE 9045 --- [http-nio-8080-exec-9] o.h.type.descriptor.sql.BasicBinder      : binding parameter [3] as [VARCHAR] - [大立光]
2018-05-26 00:52:15.361 TRACE 9045 --- [http-nio-8080-exec-9] o.h.type.descriptor.sql.BasicBinder      : binding parameter [4] as [DOUBLE] - [3330.0]
2018-05-26 00:52:15.361 TRACE 9045 --- [http-nio-8080-exec-9] o.h.type.descriptor.sql.BasicBinder      : binding parameter [5] as [VARCHAR] - [3008]
2018-05-26 00:52:15.361 TRACE 9045 --- [http-nio-8080-exec-9] o.h.type.descriptor.sql.BasicBinder      : binding parameter [6] as [BIGINT] - [4]
2018-05-26 00:54:18.532  INFO 9045 --- [http-nio-8080-exec-2] c.j.stock.IndividualStockService         : tradingDate=Mon Apr 02 00:00:00 CST 2018, close=88.1
2018-05-26 00:54:18.533  INFO 9045 --- [http-nio-8080-exec-2] c.j.stock.IndividualStockService         : tradingDate=Tue Apr 03 00:00:00 CST 2018, close=87.2
2018-05-26 00:54:18.533  INFO 9045 --- [http-nio-8080-exec-2] c.j.stock.IndividualStockService         : tradingDate=Mon Apr 09 00:00:00 CST 2018, close=87.4
2018-05-26 00:54:18.533  INFO 9045 --- [http-nio-8080-exec-2] c.j.stock.IndividualStockService         : tradingDate=Tue Apr 10 00:00:00 CST 2018, close=87.0
2018-05-26 00:54:18.533  INFO 9045 --- [http-nio-8080-exec-2] c.j.stock.IndividualStockService         : tradingDate=Wed Apr 11 00:00:00 CST 2018, close=87.3
2018-05-26 00:54:18.533  INFO 9045 --- [http-nio-8080-exec-2] c.j.stock.IndividualStockService         : tradingDate=Thu Apr 12 00:00:00 CST 2018, close=86.8
2018-05-26 00:54:18.533  INFO 9045 --- [http-nio-8080-exec-2] c.j.stock.IndividualStockService         : tradingDate=Fri Apr 13 00:00:00 CST 2018, close=87.0
2018-05-26 00:54:18.534  INFO 9045 --- [http-nio-8080-exec-2] c.j.stock.IndividualStockService         : tradingDate=Mon Apr 16 00:00:00 CST 2018, close=87.6
2018-05-26 00:54:18.534  INFO 9045 --- [http-nio-8080-exec-2] c.j.stock.IndividualStockService         : tradingDate=Tue Apr 17 00:00:00 CST 2018, close=86.5
2018-05-26 00:54:18.534  INFO 9045 --- [http-nio-8080-exec-2] c.j.stock.IndividualStockService         : tradingDate=Wed Apr 18 00:00:00 CST 2018, close=84.8
2018-05-26 00:54:18.541  INFO 9045 --- [http-nio-8080-exec-2] c.j.stock.IndividualStockService         : tradingDate=Thu Apr 19 00:00:00 CST 2018, close=85.0
2018-05-26 00:54:18.542  INFO 9045 --- [http-nio-8080-exec-2] c.j.stock.IndividualStockService         : tradingDate=Fri Apr 20 00:00:00 CST 2018, close=84.0
2018-05-26 00:54:18.542  INFO 9045 --- [http-nio-8080-exec-2] c.j.stock.IndividualStockService         : tradingDate=Mon Apr 23 00:00:00 CST 2018, close=83.0
2018-05-26 00:54:18.542  INFO 9045 --- [http-nio-8080-exec-2] c.j.stock.IndividualStockService         : tradingDate=Tue Apr 24 00:00:00 CST 2018, close=80.6
2018-05-26 00:54:18.542  INFO 9045 --- [http-nio-8080-exec-2] c.j.stock.IndividualStockService         : tradingDate=Wed Apr 25 00:00:00 CST 2018, close=80.4
2018-05-26 00:54:18.543  INFO 9045 --- [http-nio-8080-exec-2] c.j.stock.IndividualStockService         : tradingDate=Thu Apr 26 00:00:00 CST 2018, close=80.6
2018-05-26 00:54:18.543  INFO 9045 --- [http-nio-8080-exec-2] c.j.stock.IndividualStockService         : tradingDate=Fri Apr 27 00:00:00 CST 2018, close=81.5
2018-05-26 00:54:18.543  INFO 9045 --- [http-nio-8080-exec-2] c.j.stock.IndividualStockService         : tradingDate=Mon Apr 30 00:00:00 CST 2018, close=82.9
2018-05-26 00:54:18.543  INFO 9045 --- [http-nio-8080-exec-2] c.j.stock.IndividualStockService         : average close price=84.87222222222222
2018-05-26 00:54:18.544 DEBUG 9045 --- [http-nio-8080-exec-2] org.hibernate.SQL                        : select stockitem0_.id as id1_0_, stockitem0_.capital as capital2_0_, stockitem0_.category as category3_0_, stockitem0_.name as name4_0_, stockitem0_.price as price5_0_, stockitem0_.symbol as symbol6_0_ from stock_item stockitem0_ where stockitem0_.symbol=?
2018-05-26 00:54:18.544 TRACE 9045 --- [http-nio-8080-exec-2] o.h.type.descriptor.sql.BasicBinder      : binding parameter [1] as [VARCHAR] - [2317]
2018-05-26 00:54:18.546 DEBUG 9045 --- [http-nio-8080-exec-2] org.hibernate.SQL                        : update stock_item set capital=?, category=?, name=?, price=?, symbol=? where id=?
2018-05-26 00:54:18.547 TRACE 9045 --- [http-nio-8080-exec-2] o.h.type.descriptor.sql.BasicBinder      : binding parameter [1] as [DOUBLE] - [1.7328738262E11]
2018-05-26 00:54:18.547 TRACE 9045 --- [http-nio-8080-exec-2] o.h.type.descriptor.sql.BasicBinder      : binding parameter [2] as [VARCHAR] - [上市公司]
2018-05-26 00:54:18.547 TRACE 9045 --- [http-nio-8080-exec-2] o.h.type.descriptor.sql.BasicBinder      : binding parameter [3] as [VARCHAR] - [鴻海]
2018-05-26 00:54:18.547 TRACE 9045 --- [http-nio-8080-exec-2] o.h.type.descriptor.sql.BasicBinder      : binding parameter [4] as [DOUBLE] - [84.87222222222222]
2018-05-26 00:54:18.547 TRACE 9045 --- [http-nio-8080-exec-2] o.h.type.descriptor.sql.BasicBinder      : binding parameter [5] as [VARCHAR] - [2317]
2018-05-26 00:54:18.547 TRACE 9045 --- [http-nio-8080-exec-2] o.h.type.descriptor.sql.BasicBinder      : binding parameter [6] as [BIGINT] - [2]
2018-05-26 00:56:38.396  INFO 9045 --- [RMI TCP Connection(2)-127.0.0.1] inMXBeanRegistrar$SpringApplicationAdmin : Application shutdown requested.
2018-05-26 00:56:38.396  INFO 9045 --- [RMI TCP Connection(2)-127.0.0.1] ConfigServletWebServerApplicationContext : Closing org.springframework.boot.web.servlet.context.AnnotationConfigServletWebServerApplicationContext@41e36e46: startup date [Sat May 26 00:47:11 CST 2018]; root of context hierarchy
2018-05-26 00:56:38.400  INFO 9045 --- [RMI TCP Connection(2)-127.0.0.1] o.s.j.e.a.AnnotationMBeanExporter        : Unregistering JMX-exposed beans on shutdown
2018-05-26 00:56:38.400  INFO 9045 --- [RMI TCP Connection(2)-127.0.0.1] o.s.j.e.a.AnnotationMBeanExporter        : Unregistering JMX-exposed beans
2018-05-26 00:56:38.402  INFO 9045 --- [RMI TCP Connection(2)-127.0.0.1] j.LocalContainerEntityManagerFactoryBean : Closing JPA EntityManagerFactory for persistence unit 'default'
2018-05-26 00:56:38.403  INFO 9045 --- [RMI TCP Connection(2)-127.0.0.1] com.zaxxer.hikari.HikariDataSource       : HikariPool-1 - Shutdown initiated...
2018-05-26 00:56:38.407  INFO 9045 --- [RMI TCP Connection(2)-127.0.0.1] com.zaxxer.hikari.HikariDataSource       : HikariPool-1 - Shutdown completed.
